I MESG Initializing REPRO state
I MESG Initializing REPRO modules
I MESG Initializing module 'repro'
I MESG Initializing trim files for module 'repro'
I MESG Done initializing trim files for module 'repro'
I MESG Initializing module 'jupyter-service'
I MESG Initializing trim files for module 'jupyter-service'
I MESG Done initializing trim files for module 'jupyter-service'
I MESG Initializing module 'python-dev'
I MESG Initializing trim files for module 'python-dev'
I MESG Done initializing trim files for module 'python-dev'
I MESG Done initializing modules
I MESG Ensuring that the REPRO target mapping file exists (/mnt/jupyter-service/.repro/repro-targets)
I MESG Services not being started now because REPRO_SERVICES_STARTUP is not set to 'auto'
I MESG Done initializing REPRO state
I MESG Starting services now because REPRO_SERVICES_STARTUP set to 'manual'
I MESG Invoking implementations of REPRO target 'start-services'
I MESG Invoking the 'start' target of the 'jupyter-service' module ('base' profile)
I MESG The Jupyter service is now running.
A MESG Connect to Jupyter at http://localhost:8888.
I MESG Done announcing services
I MESG Done invoking implementations of the 'start-services' REPRO target
A MESG Press the 'q' key to stop the REPRO and its services.
